[debug] [2020-12-21T14:05:53.662Z] ----------------------------------------------------------------------
[debug] [2020-12-21T14:05:53.663Z] Command:       /Users/markus.andresen/.nvm/versions/node/v12.13.1/bin/node /Users/markus.andresen/.nvm/versions/node/v12.13.1/bin/firebase init
[debug] [2020-12-21T14:05:53.663Z] CLI Version:   9.0.1
[debug] [2020-12-21T14:05:53.663Z] Platform:      darwin
[debug] [2020-12-21T14:05:53.663Z] Node Version:  v12.13.1
[debug] [2020-12-21T14:05:53.664Z] Time:          Mon Dec 21 2020 15:05:53 GMT+0100 (Central European Standard Time)
[debug] [2020-12-21T14:05:53.664Z] ----------------------------------------------------------------------
[debug] [2020-12-21T14:05:53.664Z] 
[debug] [2020-12-21T14:05:53.669Z] > command requires scopes: ["email","openid","https://www.googleapis.com/auth/cloudplatformprojects.readonly","https://www.googleapis.com/auth/firebase","https://www.googleapis.com/auth/cloud-platform"]
[debug] [2020-12-21T14:05:53.669Z] > authorizing via signed-in user
[info] 
     ######## #### ########  ######## ########     ###     ######  ########
     ##        ##  ##     ## ##       ##     ##  ##   ##  ##       ##
     ######    ##  ########  ######   ########  #########  ######  ######
     ##        ##  ##    ##  ##       ##     ## ##     ##       ## ##
     ##       #### ##     ## ######## ########  ##     ##  ######  ########

You're about to initialize a Firebase project in this directory:

  /Users/markus.andresen/Desktop/marianne

[info] 
=== Project Setup
[info] 
[info] First, let's associate this project directory with a Firebase project.
[info] You can create multiple project aliases by running firebase use --add, 
[info] but for now we'll just set up a default project.
[info] 
[debug] [2020-12-21T14:06:06.570Z] > refreshing access token with scopes: ["email","https://www.googleapis.com/auth/cloud-platform","https://www.googleapis.com/auth/cloudplatformprojects.readonly","https://www.googleapis.com/auth/firebase","openid"]
[debug] [2020-12-21T14:06:06.571Z] >>> HTTP REQUEST POST https://www.googleapis.com/oauth2/v3/token  
 <request body omitted>
[debug] [2020-12-21T14:06:06.693Z] <<< HTTP RESPONSE 200 {"cache-control":"no-cache, no-store, max-age=0, must-revalidate","expires":"Mon, 01 Jan 1990 00:00:00 GMT","pragma":"no-cache","date":"Mon, 21 Dec 2020 14:06:06 GMT","content-type":"application/json; charset=utf-8","vary":"X-Origin, Referer, Origin,Accept-Encoding","server":"scaffolding on HTTPServer2","x-xss-protection":"0","x-frame-options":"SAMEORIGIN","x-content-type-options":"nosniff","alt-svc":"h3-29=\":443\"; ma=2592000,h3-T051=\":443\"; ma=2592000,h3-Q050=\":443\"; ma=2592000,h3-Q046=\":443\"; ma=2592000,h3-Q043=\":443\"; ma=2592000,quic=\":443\"; ma=2592000; v=\"46,43\"","accept-ranges":"none","transfer-encoding":"chunked"}
[debug] [2020-12-21T14:06:06.723Z] >>> HTTP REQUEST GET https://firebase.googleapis.com/v1beta1/projects?pageSize=100  
 
[debug] [2020-12-21T14:06:07.141Z] <<< HTTP RESPONSE 200 {"content-type":"application/json; charset=UTF-8","vary":"X-Origin, Referer, Origin,Accept-Encoding","date":"Mon, 21 Dec 2020 14:06:06 GMT","server":"ESF","cache-control":"private","x-xss-protection":"0","x-frame-options":"SAMEORIGIN","x-content-type-options":"nosniff","alt-svc":"h3-29=\":443\"; ma=2592000,h3-T051=\":443\"; ma=2592000,h3-Q050=\":443\"; ma=2592000,h3-Q046=\":443\"; ma=2592000,h3-Q043=\":443\"; ma=2592000,quic=\":443\"; ma=2592000; v=\"46,43\"","accept-ranges":"none","transfer-encoding":"chunked"}
[info] i  Using project marianne-9fd8c (marianne) 
[info] 
=== Hosting Setup
[info] 
[info] Your public directory is the folder (relative to your project directory) that
[info] will contain Hosting assets to be uploaded with firebase deploy. If you
[info] have a build process for your assets, use your build's output directory.
[info] 
[debug] [2020-12-21T14:06:26.010Z] >>> [apiv2][query] GET https://www.gstatic.com/firebasejs/releases.json [none]
[debug] [2020-12-21T14:06:26.088Z] <<< [apiv2][status] GET https://www.gstatic.com/firebasejs/releases.json 200
[debug] [2020-12-21T14:06:26.089Z] <<< [apiv2][body] GET https://www.gstatic.com/firebasejs/releases.json {"current":{"version":"8.2.1","browserURL":"https://www.gstatic.com/firebasejs/8.2.1/firebase.js","packageURL":"https://www.gstatic.com/firebasejs/8.2.1/firebase.tgz"},"live":{"version":"8.2","browserURL":"https://www.gstatic.com/firebasejs/live/8.2/firebase.js","packageURL":"https://www.gstatic.com/firebasejs/live/8.2/firebase.tgz"},"components":{"analytics":"https://www.gstatic.com/firebasejs/8.2.1/firebase-analytics.js","app":"https://www.gstatic.com/firebasejs/8.2.1/firebase-app.js","auth":"https://www.gstatic.com/firebasejs/8.2.1/firebase-auth.js","database":"https://www.gstatic.com/firebasejs/8.2.1/firebase-database.js","firestore":"https://www.gstatic.com/firebasejs/8.2.1/firebase-firestore.js","functions":"https://www.gstatic.com/firebasejs/8.2.1/firebase-functions.js","installations":"https://www.gstatic.com/firebasejs/8.2.1/firebase-installations.js","messaging":"https://www.gstatic.com/firebasejs/8.2.1/firebase-messaging.js","storage":"https://www.gstatic.com/firebasejs/8.2.1/firebase-storage.js","performance":"https://www.gstatic.com/firebasejs/8.2.1/firebase-performance.js","remote-config":"https://www.gstatic.com/firebasejs/8.2.1/firebase-remote-config.js","firestore.memory":"https://www.gstatic.com/firebasejs/8.2.1/firebase-firestore.memory.js"}}
[info] ✔  Wrote public/index.html 
[info] 
[info] i  Didn't detect a .git folder. Assuming /Users/markus.andresen/Desktop/marianne is the project root. 
[info] i  Authorizing with GitHub to upload your service account to a GitHub repository's secrets store. 
[info] 
[info] Visit this URL on this device to log in:
[info] https://github.com/login/oauth/authorize?client_id=89cf50f02ac6aaed3484&state=645331739&redirect_uri=http%3A%2F%2Flocalhost%3A9005&scope=read%3Auser%20repo%20public_repo
[info] 
[info] Waiting for authentication...
[debug] [2020-12-21T14:06:37.420Z] >>> HTTP REQUEST POST https://github.com/login/oauth/access_token  
 {"client_id":"89cf50f02ac6aaed3484","client_secret":"3330d14abc895d9a74d5f17cd7a00711fa2c5bf0","code":"ca1fe21edf0322cb55fc","redirect_uri":"http://localhost:9005","state":"645331739"}
[debug] [2020-12-21T14:06:37.692Z] <<< HTTP RESPONSE 200 {"date":"Mon, 21 Dec 2020 14:06:37 GMT","content-type":"application/json; charset=utf-8","transfer-encoding":"chunked","server":"GitHub.com","status":"200 OK","vary":"X-PJAX, Accept-Encoding, Accept, X-Requested-With, Accept-Encoding","etag":"W/\"03368859e66dd110b4e80065482d9ccc\"","cache-control":"max-age=0, private, must-revalidate","strict-transport-security":"max-age=31536000; includeSubdomains; preload","x-frame-options":"deny","x-content-type-options":"nosniff","x-xss-protection":"1; mode=block","referrer-policy":"origin-when-cross-origin, strict-origin-when-cross-origin","expect-ct":"max-age=2592000, report-uri=\"https://api.github.com/_private/browser/errors\"","content-security-policy":"default-src 'none'; base-uri 'self'; block-all-mixed-content; connect-src 'self' uploads.github.com www.githubstatus.com collector.githubapp.com api.github.com github-cloud.s3.amazonaws.com github-production-repository-file-5c1aeb.s3.amazonaws.com github-production-upload-manifest-file-7fdce7.s3.amazonaws.com github-production-user-asset-6210df.s3.amazonaws.com cdn.optimizely.com logx.optimizely.com/v1/events wss://alive.github.com; font-src github.githubassets.com; form-action 'self' github.com gist.github.com; frame-ancestors 'none'; frame-src render.githubusercontent.com; img-src 'self' data: github.githubassets.com identicons.github.com collector.githubapp.com github-cloud.s3.amazonaws.com *.githubusercontent.com; manifest-src 'self'; media-src 'none'; script-src github.githubassets.com; style-src 'unsafe-inline' github.githubassets.com; worker-src github.com/socket-worker-5029ae85.js gist.github.com/socket-worker-5029ae85.js","x-github-request-id":"D810:059B:61C2557:8C5B502:5FE0ABED"}
[debug] [2020-12-21T14:06:37.693Z] >>> [apiv2][query] GET https://api.github.com/user [none]
[debug] [2020-12-21T14:06:37.957Z] <<< [apiv2][status] GET https://api.github.com/user 200
[debug] [2020-12-21T14:06:37.957Z] <<< [apiv2][body] GET https://api.github.com/user {"login":"SleipRecx","id":11886100,"node_id":"MDQ6VXNlcjExODg2MTAw","avatar_url":"https://avatars0.githubusercontent.com/u/11886100?v=4","gravatar_id":"","url":"https://api.github.com/users/SleipRecx","html_url":"https://github.com/SleipRecx","followers_url":"https://api.github.com/users/SleipRecx/followers","following_url":"https://api.github.com/users/SleipRecx/following{/other_user}","gists_url":"https://api.github.com/users/SleipRecx/gists{/gist_id}","starred_url":"https://api.github.com/users/SleipRecx/starred{/owner}{/repo}","subscriptions_url":"https://api.github.com/users/SleipRecx/subscriptions","organizations_url":"https://api.github.com/users/SleipRecx/orgs","repos_url":"https://api.github.com/users/SleipRecx/repos","events_url":"https://api.github.com/users/SleipRecx/events{/privacy}","received_events_url":"https://api.github.com/users/SleipRecx/received_events","type":"User","site_admin":false,"name":"Markus Andresen","company":"@bekk","blog":"https://www.linkedin.com/in/markus-andresen-79b705130/","location":"Oslo, Norway","email":"markus.andresen94@gmail.com","hireable":null,"bio":null,"twitter_username":null,"public_repos":36,"public_gists":4,"followers":8,"following":16,"created_at":"2015-04-10T11:27:34Z","updated_at":"2020-12-21T14:06:36Z","private_gists":4,"total_private_repos":19,"owned_private_repos":19,"disk_usage":617634,"collaborators":6,"two_factor_authentication":true,"plan":{"name":"free","space":976562499,"collaborators":0,"private_repos":10000}}
[info] 
[info] ✔  Success! Logged into GitHub as SleipRecx 
[info] 
